0 info it worked if it ends with ok
1 verbose cli [ 'C:\\Program Files\\nodejs\\\\node.exe',
1 verbose cli   'C:\\Program Files\\nodejs\\node_modules\\npm\\bin\\npm-cli.js',
1 verbose cli   'install' ]
2 info using npm@1.1.46
3 info using node@v0.8.5
4 verbose node symlink C:\Program Files\nodejs\\node.exe
5 verbose config file C:\Users\Matt\.npmrc
6 verbose config file C:\Program Files\nodejs\etc\npmrc
7 verbose config file C:\Program Files\nodejs\node_modules\npm\npmrc
8 verbose read json C:\Users\Matt\Documents\GitHub\outfitly\package.json
9 warn package.json outfitly@0.0.2-6 No README.md file found!
10 verbose readDependencies using package.json deps
11 verbose install where, deps [ 'C:\\Users\\Matt\\Documents\\GitHub\\outfitly',
11 verbose install   [ 'connect-redis',
11 verbose install     'connect-auth',
11 verbose install     'express',
11 verbose install     'connect',
11 verbose install     'nodemailer',
11 verbose install     'mongoose',
11 verbose install     'socket.io',
11 verbose install     'gravatar',
11 verbose install     'apac' ] ]
12 verbose from cache C:\Users\Matt\Documents\GitHub\outfitly\package.json
13 info preinstall outfitly@0.0.2-6
14 verbose read json C:\Users\Matt\Documents\GitHub\outfitly\node_modules\connect\package.json
15 verbose read json C:\Users\Matt\Documents\GitHub\outfitly\node_modules\connect-auth\package.json
16 verbose read json C:\Users\Matt\Documents\GitHub\outfitly\node_modules\connect-mongo\package.json
17 verbose read json C:\Users\Matt\Documents\GitHub\outfitly\node_modules\connect-redis\package.json
18 verbose read json C:\Users\Matt\Documents\GitHub\outfitly\node_modules\express\package.json
19 verbose read json C:\Users\Matt\Documents\GitHub\outfitly\node_modules\gravatar\package.json
20 verbose read json C:\Users\Matt\Documents\GitHub\outfitly\node_modules\mongoose\package.json
21 verbose read json C:\Users\Matt\Documents\GitHub\outfitly\node_modules\nodemailer\package.json
22 verbose read json C:\Users\Matt\Documents\GitHub\outfitly\node_modules\socket.io\package.json
23 warn package.json connect-mongo@0.1.9 No README.md file found!
24 warn package.json connect@2.4.2 No README.md file found!
25 verbose from cache C:\Users\Matt\Documents\GitHub\outfitly\package.json
26 verbose readDependencies using package.json deps
27 verbose read json C:\Users\Matt\Documents\GitHub\outfitly\node_modules\.bin\package.json
28 verbose from cache C:\Users\Matt\Documents\GitHub\outfitly\node_modules\connect\package.json
29 verbose from cache C:\Users\Matt\Documents\GitHub\outfitly\node_modules\connect-auth\package.json
30 verbose from cache C:\Users\Matt\Documents\GitHub\outfitly\node_modules\connect-mongo\package.json
31 verbose from cache C:\Users\Matt\Documents\GitHub\outfitly\node_modules\connect-redis\package.json
32 verbose from cache C:\Users\Matt\Documents\GitHub\outfitly\node_modules\express\package.json
33 verbose from cache C:\Users\Matt\Documents\GitHub\outfitly\node_modules\gravatar\package.json
34 verbose from cache C:\Users\Matt\Documents\GitHub\outfitly\node_modules\mongoose\package.json
35 verbose from cache C:\Users\Matt\Documents\GitHub\outfitly\node_modules\nodemailer\package.json
36 verbose from cache C:\Users\Matt\Documents\GitHub\outfitly\node_modules\socket.io\package.json
37 verbose already installed skipping connect-redis@* C:\Users\Matt\Documents\GitHub\outfitly
38 verbose already installed skipping connect-auth@* C:\Users\Matt\Documents\GitHub\outfitly
39 verbose already installed skipping express@* C:\Users\Matt\Documents\GitHub\outfitly
40 verbose already installed skipping connect@* C:\Users\Matt\Documents\GitHub\outfitly
41 verbose already installed skipping nodemailer@* C:\Users\Matt\Documents\GitHub\outfitly
42 verbose already installed skipping mongoose@* C:\Users\Matt\Documents\GitHub\outfitly
43 verbose already installed skipping socket.io@* C:\Users\Matt\Documents\GitHub\outfitly
44 verbose already installed skipping gravatar@* C:\Users\Matt\Documents\GitHub\outfitly
45 verbose cache add [ 'apac@*', null ]
46 silly cache add name=undefined spec="apac@*" args=["apac@*",null]
47 verbose parsed url { pathname: 'apac@*', path: 'apac@*', href: 'apac@*' }
48 silly cache add name="apac" spec="*" args=["apac","*"]
49 verbose parsed url { pathname: '*', path: '*', href: '*' }
50 verbose addNamed [ 'apac', '*' ]
51 verbose addNamed [ null, '' ]
52 silly lockFile c7b2bd13-apac apac@*
53 verbose lock apac@* C:\Users\Matt\AppData\Roaming\npm-cache\c7b2bd13-apac.lock
54 silly addNameRange { name: 'apac', range: '', hasData: false }
55 verbose url raw apac
56 verbose url resolving [ 'https://registry.npmjs.org/', './apac' ]
57 verbose url resolved https://registry.npmjs.org/apac
58 info retry registry request attempt 1 at 13:14:17
59 verbose etag "8BOT0AY4HZPYWQ0FF0D4KLMWT"
60 http GET https://registry.npmjs.org/apac
61 http 200 https://registry.npmjs.org/apac
62 silly registry.get cb [ 200,
62 silly registry.get   { vary: 'Accept',
62 silly registry.get     server: 'CouchDB/1.2.0 (Erlang OTP/R15B)',
62 silly registry.get     etag: '"2LRVS2WCE5BZLYOH9F44WZ0S7"',
62 silly registry.get     date: 'Tue, 07 Aug 2012 20:14:25 GMT',
62 silly registry.get     'content-type': 'application/json',
62 silly registry.get     'content-length': '6384' } ]
63 silly addNameRange number 2 { name: 'apac', range: '', hasData: true }
64 silly addNameRange versions [ 'apac',
64 silly addNameRange   [ '0.0.1', '0.0.2', '0.0.3', '0.0.4', '0.0.9', '0.0.10', '0.0.11' ] ]
65 verbose addNamed [ 'apac', '0.0.11' ]
66 verbose addNamed [ '0.0.11', '0.0.11' ]
67 silly lockFile 329e1866-apac-0-0-11 apac@0.0.11
68 verbose lock apac@0.0.11 C:\Users\Matt\AppData\Roaming\npm-cache\329e1866-apac-0-0-11.lock
69 verbose read json C:\Users\Matt\AppData\Roaming\npm-cache\apac\0.0.11\package\package.json
70 silly lockFile 329e1866-apac-0-0-11 apac@0.0.11
71 silly lockFile c7b2bd13-apac apac@*
72 silly resolved [ { name: 'apac',
72 silly resolved     description: 'Amazon Product Advertising API Client for Node',
72 silly resolved     version: '0.0.11',
72 silly resolved     author: { name: 'Dustin McQuay', email: 'dmcquay@gmail.com' },
72 silly resolved     repository: { type: 'git', url: 'git://github.com/dmcquay/node-apac.git' },
72 silly resolved     bugs: { url: 'http://github.com/dmcquay/node-apac/issues' },
72 silly resolved     os: [ 'linux', 'darwin', 'freebsd' ],
72 silly resolved     directories: { lib: './lib/' },
72 silly resolved     main: './lib/apac',
72 silly resolved     dependencies: { vows: '>=0.5.0', xml2js: '>=0.1.7' },
72 silly resolved     engines: { node: '>=0.1.97' },
72 silly resolved     licenses: [ [Object] ],
72 silly resolved     readme: 'node-apac - Node.js client for the Amazon Product Advertising API.\n\napac (Amazon Product Advertising Client) will allow you to access the Amazon Product Advertising API from Node.js. It supports the newly required Request Signatures which can be a bit tedious to generate on your own. [Learn more about the Amazon Product Advertising API](https://affiliate-program.amazon.com/gp/advertising/api/detail/main.html).\n\nnode-apac is just a thin wrapper around Amazon\'s API. The only intent is to take care of request signatures, performing the HTTP requests, processing the responses and parsing the XML. You should be able to run any operation becuase the operation and all parameters are passed directly to the execute method just as they will be passed to Amazon. The result is that you feel likely you\'re working directly with the API, but you don\'t have to worry about some of the more teadious tasks.\n\n#Installation\n\nInstall using npm:\n\n    npm install apac@latest\n\nIf you try to install without "@latest", it will try to install the most recent stable\nversion, but there is no stable version yet. So for now you must specify latest.\n\n#Quick Start\n\nHere is a quick start to help you get node, npm and node-apac installed and running:\n[node-apac Quick Start](http://www.synchrosinteractive.com/blog/1-software/39-node-apac-quick-start)\n\n\nHere\'s a quick example:\n\n    var util = require(\'util\'),\n        OperationHelper = require(\'apac\').OperationHelper;\n\n    var opHelper = new OperationHelper({\n        awsId:     \'[YOUR AWS ID HERE]\',\n        awsSecret: \'[YOUR AWS SECRET HERE]\',\n        assocId:   \'[YOUR ASSOCIATE TAG HERE]\',\n    });\n\n    opHelper.execute(\'ItemSearch\', {\n        \'SearchIndex\': \'Books\',\n        \'Keywords\': \'harry potter\',\n        \'ResponseGroup\': \'ItemAttributes,Offers\'\n    }, function(error, results) {\n        if (error) { console.log(\'Error: \' + error + "\\n") }\n        console.log("Results:\\n" + util.inspect(results) + "\\n");\n    });\n\nResults are returned as a JSON object (XML results parsed using xml2js -- thanks pierrel).\n\n#API Documentation\n\nBecause we don\'t define any specific operations, we also don\'t document them. What a waste\nwhen you can find them all here:\n[API Reference](http://docs.amazonwebservices.com/AWSECommerceService/latest/DG/index.html?ProgrammingGuide.html)\n',
72 silly resolved     _id: 'apac@0.0.11',
72 silly resolved     _from: 'apac@*' } ]
73 info install apac@0.0.11 into C:\Users\Matt\Documents\GitHub\outfitly
74 info installOne apac@0.0.11
75 error notsup Unsupported
75 error notsup Not compatible with your operating system or architecture: apac@0.0.11
75 error notsup Valid OS:    linux,darwin,freebsd
75 error notsup Valid Arch:  any
75 error notsup Actual OS:   win32
75 error notsup Actual Arch: x64
76 error System Windows_NT 6.1.7600
77 error command "C:\\Program Files\\nodejs\\\\node.exe" "C:\\Program Files\\nodejs\\node_modules\\npm\\bin\\npm-cli.js" "install"
78 error cwd C:\Users\Matt\Documents\GitHub\outfitly
79 error node -v v0.8.5
80 error npm -v 1.1.46
81 error code EBADPLATFORM
82 verbose exit [ 1, true ]
